<?xml version="1.0" encoding="UTF-8"?>
<!-- Generated by org.testng.reporters.JUnitXMLReporter -->
<testsuite hostname="DESKTOP-Q93RJ62" ignored="6" name="Test" tests="2" failures="0" timestamp="2022-11-13T23:12:43 IST" time="146.095" errors="0">
  <testcase name="createContactDemotest" time="0.023" classname="vTiger.ContactTest.CreateContactTest"/>
  <testcase name="createOrganization" time="42.877" classname="vTiger.OrganizationsTest.CreateOrganizationTest"/>
  <testcase name="@BeforeSuite bsConfig" time="0.0" classname="vTiger.GenericLibrary.BaseClass">
    <ignored/>
  </testcase> <!-- @BeforeSuite bsConfig -->
  <testcase name="@BeforeSuite bsConfig" time="0.0" classname="vTiger.GenericLibrary.BaseClass">
    <ignored/>
  </testcase> <!-- @BeforeSuite bsConfig -->
  <testcase name="CreateContactTest" time="0.0" classname="vTiger.ContactTest.CreateContactTest">
    <ignored/>
  </testcase> <!-- CreateContactTest -->
  <testcase name="@AfterSuite asConfig" time="0.0" classname="vTiger.GenericLibrary.BaseClass">
    <ignored/>
  </testcase> <!-- @AfterSuite asConfig -->
  <testcase name="@AfterSuite asConfig" time="0.0" classname="vTiger.GenericLibrary.BaseClass">
    <ignored/>
  </testcase> <!-- @AfterSuite asConfig -->
  <testcase name="CreateContactWithOrganization" time="0.0" classname="vTiger.ContactTest.CreateContactwithOrganizationTest">
    <ignored/>
  </testcase> <!-- CreateContactWithOrganization -->
</testsuite> <!-- Test -->
