<?xml version="1.0" encoding="UTF-8"?>
<testng-results skipped="0" failed="0" ignored="0" total="1" passed="1">
  <reporter-output>
  </reporter-output>
  <suite name="Default suite" duration-ms="102" started-at="2022-11-18T09:42:24 IST" finished-at="2022-11-18T09:42:25 IST">
    <groups>
    </groups>
    <test name="Default test" duration-ms="102" started-at="2022-11-18T09:42:24 IST" finished-at="2022-11-18T09:42:25 IST">
      <class name="vTiger.Practice.ReadDataFromCmdLineTest">
        <test-method status="PASS" signature="readData()[pri:0, instance:vTiger.Practice.ReadDataFromCmdLineTest@eafc191]" name="readData" duration-ms="15" started-at="2022-11-18T09:42:25 IST" finished-at="2022-11-18T09:42:25 IST">
          <reporter-output>
          </reporter-output>
        </test-method> <!-- readData -->
      </class> <!-- vTiger.Practice.ReadDataFromCmdLineTest -->
    </test> <!-- Default test -->
  </suite> <!-- Default suite -->
</testng-results>
